[2025-11-02T06:20:16.556Z] Journal entry saved for 2025-11-02
[2025-11-02T06:20:16.744Z] Journal entry saved for 2025-11-02
[2025-11-02T06:20:17.447Z] Journal entry saved for 2025-11-02
[2025-11-02T06:20:22.078Z] Journal entry saved for 2025-11-02
[2025-11-02T06:20:22.779Z] Journal entry saved for 2025-11-02
[2025-11-02T06:20:23.346Z] Journal entry saved for 2025-11-02
[2025-11-02T06:20:23.527Z] Journal entry saved for 2025-11-02
[2025-11-02T06:20:23.701Z] Journal entry saved for 2025-11-02
[2025-11-02T06:20:23.918Z] Journal entry saved for 2025-11-02
[2025-11-02T06:20:41.578Z] Journal entry saved for 2025-11-02
[2025-11-02T06:20:50.506Z] Journal entry saved for 2025-01-02
[2025-11-02T06:21:10.593Z] Journal entry saved for 2025-01-02
[2025-11-02T06:25:55.878Z] Font size changed to 17px
[2025-11-02T06:25:56.072Z] Font size changed to 18px
[2025-11-02T06:25:56.112Z] Font size changed to 19px
[2025-11-02T06:25:56.172Z] Font size changed to 20px
[2025-11-02T06:25:56.324Z] Font size changed to 21px
[2025-11-02T06:25:56.571Z] Font size changed to 20px
[2025-11-02T06:25:56.623Z] Font size changed to 19px
[2025-11-02T06:25:56.655Z] Font size changed to 18px
[2025-11-02T06:25:56.673Z] Font size changed to 17px
[2025-11-02T06:25:56.689Z] Font size changed to 16px
[2025-11-02T06:25:56.726Z] Font size changed to 15px
[2025-11-02T06:25:56.822Z] Font size changed to 14px
[2025-11-02T06:25:57.283Z] Font size changed to 15px
[2025-11-02T06:25:57.334Z] Font size changed to 16px
[2025-11-02T06:25:57.372Z] Font size changed to 17px
[2025-11-02T06:25:57.406Z] Font size changed to 18px
[2025-11-02T06:25:57.438Z] Font size changed to 19px
[2025-11-02T06:25:57.803Z] Font size changed to 18px
[2025-11-02T06:25:57.839Z] Font size changed to 17px
[2025-11-02T06:25:57.907Z] Font size changed to 16px
[2025-11-02T06:25:58.204Z] Font size changed to 15px
[2025-11-02T06:25:58.618Z] Font size changed to 14px
[2025-11-02T06:56:45.575Z] Journal entry saved for 2025-11-02
[2025-11-02T08:01:06.104Z] Journal entry saved for 2025-11-04
[2025-11-02T08:01:38.495Z] Journal entry deleted for 2025-01-02
[2025-11-02T08:01:43.304Z] Journal entry deleted for 2025-01-02
[2025-11-02T08:01:43.530Z] Journal entry deleted for 2025-01-02
[2025-11-02T08:01:43.701Z] Journal entry deleted for 2025-01-02
[2025-11-02T08:01:45.759Z] Journal entry deleted for 2025-11-04
[2025-11-02T08:01:50.470Z] Journal entry deleted for 2025-11-02
[2025-11-02T08:05:51.574Z] Journal entry saved for 2025-11-02
[2025-11-02T08:05:54.849Z] Journal entry deleted for 2025-11-02
[2025-11-02T08:14:47.317Z] Journal entry saved for 2025-11-02
[2025-11-02T08:23:21.752Z] Journal entry deleted for 2025-11-02
[2025-11-02T08:23:49.763Z] Journal entry saved for 2025-11-02
[2025-11-02T08:25:32.506Z] Theme changed to dark via settings
[2025-11-02T08:25:37.430Z] Font size changed to 21px
[2025-11-02T08:25:37.716Z] Font size changed to 22px
[2025-11-02T08:25:37.817Z] Font size changed to 23px
[2025-11-02T08:25:38.198Z] Font size changed to 22px
[2025-11-02T08:25:38.234Z] Font size changed to 21px
[2025-11-02T08:25:38.250Z] Font size changed to 20px
[2025-11-02T08:25:38.316Z] Font size changed to 19px
[2025-11-02T08:25:42.318Z] Font size changed to 18px
[2025-11-02T08:25:42.631Z] Font size changed to 17px
[2025-11-02T08:25:42.757Z] Font size changed to 16px
[2025-11-02T08:25:43.265Z] Font size changed to 15px
[2025-11-02T08:25:45.387Z] Background pattern changed to grid
[2025-11-02T08:27:49.921Z] Journal entry deleted for 2025-11-07
[2025-11-02T08:27:53.287Z] Journal entry deleted for 2025-11-07
[2025-11-02T08:27:53.788Z] Journal entry deleted for 2025-11-07
[2025-11-02T08:27:54.070Z] Journal entry deleted for 2025-11-07
[2025-11-02T08:27:54.335Z] Journal entry deleted for 2025-11-07
[2025-11-02T08:27:58.385Z] Journal entry saved for 2025-11-07
[2025-11-02T08:28:01.568Z] Journal entry deleted for 2025-11-07
[2025-11-02T08:28:02.135Z] Journal entry deleted for 2025-11-07
[2025-11-02T08:28:04.618Z] Journal entry deleted for 2025-11-02
[2025-11-02T08:39:06.283Z] Background pattern changed to dots
[2025-11-02T08:41:00.711Z] Theme changed to blue via settings
